  xload.cpp
  XInput.cpp
c:\users\student\documents\visual studio 2015\projects\cluster's slayer\xinput.cpp(48): warning C4800: 'int': ブール値を 'true' または 'false' に強制的に設定します (警告の処理)
  wall.cpp
  title.cpp
  texture.cpp
  stage.cpp
c:\users\student\documents\visual studio 2015\projects\cluster's slayer\stage.cpp(10): fatal error C1083: include ファイルを開けません。'model_spawner.h':No such file or directory
  sound.cpp
  shadow.cpp
c:\users\student\documents\visual studio 2015\projects\cluster's slayer\shadow.cpp(8): fatal error C1083: include ファイルを開けません。'collision.h':No such file or directory
  score.cpp
  Scene3D.cpp
  scene2D.cpp
  scene.cpp
  result.cpp
  Renderer.cpp
  polygon.cpp
  player.cpp
c:\users\student\documents\visual studio 2015\projects\cluster's slayer\player.cpp(14): fatal error C1083: include ファイルを開けません。'collision.h':No such file or directory
  Particle.cpp
c:\users\student\documents\visual studio 2015\projects\cluster's slayer\particle.cpp(66): warning C4244: '=': 'float' から 'int' への変換です。データが失われる可能性があります。
c:\users\student\documents\visual studio 2015\projects\cluster's slayer\particle.cpp(71): warning C4244: '初期化中': 'double' から 'float' への変換です。データが失われる可能性があります。
c:\users\student\documents\visual studio 2015\projects\cluster's slayer\particle.cpp(81): warning C4244: '引数': 'double' から 'FLOAT' への変換です。データが失われる可能性があります。
c:\users\student\documents\visual studio 2015\projects\cluster's slayer\particle.cpp(97): warning C4244: '引数': 'double' から 'FLOAT' への変換です。データが失われる可能性があります。
c:\users\student\documents\visual studio 2015\projects\cluster's slayer\particle.cpp(103): warning C4305: '引数': 'CTexture::Type' から 'bool' へ切り詰めます。
c:\users\student\documents\visual studio 2015\projects\cluster's slayer\particle.cpp(134): warning C4244: '引数': 'double' から 'FLOAT' への変換です。データが失われる可能性があります。
c:\users\student\documents\visual studio 2015\projects\cluster's slayer\particle.cpp(239): warning C4477: 'fscanf' : 書式文字列 '%d' には、型 'int *' の引数が必要ですが、可変個引数 1 は型 'bool *' です
  mouse.cpp
  motion.cpp
c:\users\student\documents\visual studio 2015\projects\cluster's slayer\motion.cpp(899): warning C4477: 'fscanf' : 書式文字列 '%d' には、型 'int *' の引数が必要ですが、可変個引数 1 は型 'bool *' です
  model.cpp
c:\users\student\documents\visual studio 2015\projects\cluster's slayer\model.cpp(10): fatal error C1083: include ファイルを開けません。'swordeffect.h':No such file or directory
  コードを生成中...
  コンパイル中...
  manager.cpp
c:\users\student\documents\visual studio 2015\projects\cluster's slayer\manager.cpp(14): fatal error C1083: include ファイルを開けません。'model_spawner.h':No such file or directory
  main.cpp
  light.cpp
  layer_structure.cpp
  keyboard.cpp
  input.cpp
  gauge.cpp
c:\users\student\documents\visual studio 2015\projects\cluster's slayer\gauge.cpp(36): warning C4244: '=': 'const int' から 'float' への変換です。データが失われる可能性があります。
c:\users\student\documents\visual studio 2015\projects\cluster's slayer\gauge.cpp(37): warning C4244: '=': 'const int' から 'float' への変換です。データが失われる可能性があります。
  game.cpp
c:\users\student\documents\visual studio 2015\projects\cluster's slayer\game.cpp(14): fatal error C1083: include ファイルを開けません。'model_spawner.h':No such file or directory
  field.cpp
  fade.cpp
  effect.cpp
  directinput.cpp
  character.cpp
  camera.cpp
  billboard.cpp
  bg.cpp
  コードを生成中...
