c:\users\student\desktop\git\cluster-s-slayer\cluster's slayer\release\vc140.pdb
c:\users\student\desktop\git\cluster-s-slayer\cluster's slayer\release\field.obj
c:\users\student\desktop\git\cluster-s-slayer\cluster's slayer\release\fade.obj
c:\users\student\desktop\git\cluster-s-slayer\cluster's slayer\release\exp_ball.obj
c:\users\student\desktop\git\cluster-s-slayer\cluster's slayer\release\enemy_spawn_manager.obj
c:\users\student\desktop\git\cluster-s-slayer\cluster's slayer\release\enemy_goblin.obj
c:\users\student\desktop\git\cluster-s-slayer\cluster's slayer\release\enemy001.obj
c:\users\student\desktop\git\cluster-s-slayer\cluster's slayer\release\enemy.obj
c:\users\student\desktop\git\cluster-s-slayer\cluster's slayer\release\effect.obj
c:\users\student\desktop\git\cluster-s-slayer\cluster's slayer\release\directinput.obj
c:\users\student\desktop\git\cluster-s-slayer\cluster's slayer\release\damage_collision.obj
c:\users\student\desktop\git\cluster-s-slayer\cluster's slayer\release\gametimer.obj
c:\users\student\desktop\git\cluster-s-slayer\cluster's slayer\release\collision.obj
c:\users\student\desktop\git\cluster-s-slayer\cluster's slayer\release\character_partsdata.obj
c:\users\student\desktop\git\cluster-s-slayer\cluster's slayer\release\character.obj
c:\users\student\desktop\git\cluster-s-slayer\cluster's slayer\release\camera.obj
c:\users\student\desktop\git\cluster-s-slayer\cluster's slayer\release\blackhole.obj
c:\users\student\desktop\git\cluster-s-slayer\cluster's slayer\release\billeffect.obj
c:\users\student\desktop\git\cluster-s-slayer\cluster's slayer\release\billboard.obj
c:\users\student\desktop\git\cluster-s-slayer\cluster's slayer\release\bg.obj
c:\users\student\desktop\git\cluster-s-slayer\cluster's slayer\release\2dnumber.obj
c:\users\student\desktop\git\cluster-s-slayer\cluster's slayer\release\number.obj
c:\users\student\desktop\git\cluster-s-slayer\cluster's slayer\release\mouse.obj
c:\users\student\desktop\git\cluster-s-slayer\cluster's slayer\release\motion.obj
c:\users\student\desktop\git\cluster-s-slayer\cluster's slayer\release\model_spawner.obj
c:\users\student\desktop\git\cluster-s-slayer\cluster's slayer\release\model.obj
c:\users\student\desktop\git\cluster-s-slayer\cluster's slayer\release\meshsphere.obj
c:\users\student\desktop\git\cluster-s-slayer\cluster's slayer\release\map_polygon.obj
c:\users\student\desktop\git\cluster-s-slayer\cluster's slayer\release\manager.obj
c:\users\student\desktop\git\cluster-s-slayer\cluster's slayer\release\main.obj
c:\users\student\desktop\git\cluster-s-slayer\cluster's slayer\release\loadeffect.obj
c:\users\student\desktop\git\cluster-s-slayer\cluster's slayer\release\light.obj
c:\users\student\desktop\git\cluster-s-slayer\cluster's slayer\release\layer_structure.obj
c:\users\student\desktop\git\cluster-s-slayer\cluster's slayer\release\keyboard.obj
c:\users\student\desktop\git\cluster-s-slayer\cluster's slayer\release\item.obj
c:\users\student\desktop\git\cluster-s-slayer\cluster's slayer\release\input.obj
c:\users\student\desktop\git\cluster-s-slayer\cluster's slayer\release\gaugeber.obj
c:\users\student\desktop\git\cluster-s-slayer\cluster's slayer\release\gauge.obj
c:\users\student\desktop\git\cluster-s-slayer\cluster's slayer\release\game.obj
c:\users\student\desktop\git\cluster-s-slayer\cluster's slayer\release\frame.obj
c:\users\student\desktop\git\cluster-s-slayer\cluster's slayer\release\fieldeffect.obj
c:\users\student\desktop\git\cluster-s-slayer\cluster's slayer\release\stage.obj
c:\users\student\desktop\git\cluster-s-slayer\cluster's slayer\release\sound.obj
c:\users\student\desktop\git\cluster-s-slayer\cluster's slayer\release\smallscore.obj
c:\users\student\desktop\git\cluster-s-slayer\cluster's slayer\release\skillselect.obj
c:\users\student\desktop\git\cluster-s-slayer\cluster's slayer\release\shadow.obj
c:\users\student\desktop\git\cluster-s-slayer\cluster's slayer\release\selectbottom.obj
c:\users\student\desktop\git\cluster-s-slayer\cluster's slayer\release\score.obj
c:\users\student\desktop\git\cluster-s-slayer\cluster's slayer\release\scene3d.obj
c:\users\student\desktop\git\cluster-s-slayer\cluster's slayer\release\scene2d.obj
c:\users\student\desktop\git\cluster-s-slayer\cluster's slayer\release\scene.obj
c:\users\student\desktop\git\cluster-s-slayer\cluster's slayer\release\rushattack.obj
c:\users\student\desktop\git\cluster-s-slayer\cluster's slayer\release\rotate3d.obj
c:\users\student\desktop\git\cluster-s-slayer\cluster's slayer\release\result.obj
c:\users\student\desktop\git\cluster-s-slayer\cluster's slayer\release\renderer.obj
c:\users\student\desktop\git\cluster-s-slayer\cluster's slayer\release\presetseteffect.obj
c:\users\student\desktop\git\cluster-s-slayer\cluster's slayer\release\polygon.obj
c:\users\student\desktop\git\cluster-s-slayer\cluster's slayer\release\player.obj
c:\users\student\desktop\git\cluster-s-slayer\cluster's slayer\release\plane.obj
c:\users\student\desktop\git\cluster-s-slayer\cluster's slayer\release\pause.obj
c:\users\student\desktop\git\cluster-s-slayer\cluster's slayer\release\particle.obj
c:\users\student\desktop\git\cluster-s-slayer\cluster's slayer\release\xload.obj
c:\users\student\desktop\git\cluster-s-slayer\cluster's slayer\release\xinput.obj
c:\users\student\desktop\git\cluster-s-slayer\cluster's slayer\release\weapon.obj
c:\users\student\desktop\git\cluster-s-slayer\cluster's slayer\release\wall.obj
c:\users\student\desktop\git\cluster-s-slayer\cluster's slayer\release\title.obj
c:\users\student\desktop\git\cluster-s-slayer\cluster's slayer\release\texture.obj
c:\users\student\desktop\git\cluster-s-slayer\cluster's slayer\release\sword.obj
c:\users\student\desktop\git\cluster-s-slayer\cluster's slayer\release\straight3d.obj
c:\users\student\desktop\git\cluster-s-slayer\cluster's slayer\release\stage_preset_data.obj
c:\users\student\desktop\git\cluster-s-slayer\cluster's slayer\release\stage_preset.obj
c:\users\student\desktop\git\cluster-s-slayer\cluster's slayer\release\cluster's slayer.exe
c:\users\student\desktop\git\cluster-s-slayer\cluster's slayer\release\cluster's slayer.ipdb
c:\users\student\desktop\git\cluster-s-slayer\cluster's slayer\release\cluster's slayer.iobj
c:\users\student\desktop\git\cluster-s-slayer\cluster's slayer\release\cluster's slayer.pdb
c:\users\student\desktop\git\cluster-s-slayer\cluster's slayer\release\cluster's slayer.tlog\cl.command.1.tlog
c:\users\student\desktop\git\cluster-s-slayer\cluster's slayer\release\cluster's slayer.tlog\cl.read.1.tlog
c:\users\student\desktop\git\cluster-s-slayer\cluster's slayer\release\cluster's slayer.tlog\cl.write.1.tlog
c:\users\student\desktop\git\cluster-s-slayer\cluster's slayer\release\cluster's slayer.tlog\link.command.1.tlog
c:\users\student\desktop\git\cluster-s-slayer\cluster's slayer\release\cluster's slayer.tlog\link.read.1.tlog
c:\users\student\desktop\git\cluster-s-slayer\cluster's slayer\release\cluster's slayer.tlog\link.write.1.tlog
